1 2 3 6 4 5 8 9
1 2 3 6 4 5 9 10
1 2 3 6 4 8 9 12
1 2 3 6 5 9 10 13
1 2 3 6 8 9 12 13
1 2 3 6 9 10 12 13
1 2 3 6 9 10 13 14
1 2 5 6 4 8 9 12
1 2 5 6 8 9 12 13
1 2 5 6 9 10 12 13
1 2 5 6 9 10 13 14
1 2 6 7 4 5 8 9
1 2 6 7 4 5 9 10
1 2 6 7 4 8 9 12
1 2 6 7 5 9 10 13
1 2 6 7 8 9 12 13
1 2 6 7 9 10 12 13
1 2 6 7 9 10 13 14
1 5 6 10 4 8 9 12
1 5 6 10 8 9 12 13
2 6 7 10 4 5 8 9
2 6 7 10 4 8 9 12
2 6 7 10 8 9 12 13
3 6 7 10 4 5 8 9
3 6 7 10 4 8 9 12
3 6 7 10 8 9 12 13
4 5 8 9 6 7 10 11
4 8 9 12 5 6 7 10
4 8 9 12 6 7 10 11
5 6 7 10 8 9 12 13
6 7 10 11 8 9 12 13
