0 1 2 5 3 6 7 10
0 1 2 5 3 6 9 10
0 1 2 5 4 6 7 10
0 1 2 5 4 7 8 10
0 1 2 5 6 7 10 11
0 1 2 5 6 8 9 10
0 1 2 5 6 8 10 11
0 1 2 5 6 9 10 11
0 1 2 5 7 8 9 10
0 1 2 5 8 9 10 11
0 1 4 7 3 6 9 10
0 1 4 7 5 8 10 11
0 1 4 7 6 8 9 10
0 1 4 7 6 8 10 11
0 1 4 7 6 9 10 11
0 1 4 7 8 9 10 11
0 2 3 4 1 5 7 8
0 2 3 4 5 6 7 8
0 2 3 4 5 6 7 10
0 2 3 4 5 7 8 11
0 2 3 4 5 8 10 11
0 2 3 4 6 7 10 11
0 2 3 4 6 8 9 10
0 2 3 4 6 8 10 11
0 2 3 4 6 9 10 11
0 2 3 4 7 8 9 10
0 2 3 4 8 9 10 11
0 2 4 5 3 6 7 10
0 2 4 5 3 6 9 10
0 2 4 5 6 7 10 11
0 2 4 5 6 8 9 10
0 2 4 5 6 8 10 11
0 2 4 5 6 9 10 11
0 2 4 5 7 8 9 10
0 2 4 5 8 9 10 11
0 3 4 5 6 7 10 11
0 3 4 5 6 8 9 10
0 3 4 5 6 8 10 11
0 3 4 5 6 9 10 11
0 3 4 5 7 8 9 10
0 3 4 5 8 9 10 11
0 3 4 6 1 2 5 7
0 3 4 6 1 2 5 8
0 3 4 6 1 5 7 8
0 3 4 6 2 5 7 8
0 3 4 6 5 7 8 11
0 3 4 6 5 8 10 11
0 3 4 6 7 8 9 10
0 3 4 6 8 9 10 11
0 3 4 7 1 2 5 8
0 3 4 7 5 8 10 11
0 3 4 7 6 8 9 10
0 3 4 7 6 8 10 11
0 3 4 7 6 9 10 11
0 3 4 7 8 9 10 11
0 4 5 7 3 6 9 10
0 4 5 7 6 8 9 10
0 4 5 7 6 8 10 11
0 4 5 7 6 9 10 11
0 4 5 7 8 9 10 11
1 2 3 4 5 6 7 8
1 2 3 4 5 6 7 10
1 2 3 4 5 7 8 11
1 2 3 4 5 8 10 11
1 2 3 4 6 7 10 11
1 2 3 4 6 8 9 10
1 2 3 4 6 8 10 11
1 2 3 4 6 9 10 11
1 2 3 4 7 8 9 10
1 2 3 4 8 9 10 11
1 2 4 7 3 6 9 10
1 2 4 7 5 8 10 11
1 2 4 7 6 8 9 10
1 2 4 7 6 8 10 11
1 2 4 7 6 9 10 11
1 2 4 7 8 9 10 11
1 2 5 7 3 6 9 10
1 2 5 7 6 8 9 10
1 2 5 7 6 8 10 11
1 2 5 7 6 9 10 11
1 2 5 7 8 9 10 11
1 2 5 8 3 6 7 10
1 2 5 8 3 6 9 10
1 2 5 8 4 6 7 10
1 2 5 8 6 7 10 11
1 2 5 8 6 9 10 11
1 3 4 5 6 7 10 11
1 3 4 5 6 8 9 10
1 3 4 5 6 8 10 11
1 3 4 5 6 9 10 11
1 3 4 5 7 8 9 10
1 3 4 5 8 9 10 11
1 4 5 8 3 6 7 10
1 4 5 8 3 6 9 10
1 4 5 8 6 7 10 11
1 4 5 8 6 9 10 11
1 5 7 8 3 6 9 10
1 5 7 8 6 9 10 11
2 3 4 5 6 7 10 11
2 3 4 5 6 8 9 10
2 3 4 5 6 8 10 11
2 3 4 5 6 9 10 11
2 3 4 5 7 8 9 10
2 3 4 5 8 9 10 11
2 4 5 8 3 6 7 10
2 4 5 8 3 6 9 10
2 4 5 8 6 7 10 11
2 4 5 8 6 9 10 11
2 5 7 8 3 6 9 10
2 5 7 8 6 9 10 11
3 4 5 7 6 8 9 10
3 4 5 7 6 8 10 11
3 4 5 7 6 9 10 11
3 4 5 7 8 9 10 11
3 6 9 10 5 7 8 11
4 5 6 7 8 9 10 11
