0 1 2 3 5 4 6 7 9 10
0 1 2 3 5 6 7 8 9 10
0 1 2 3 5 6 7 9 10 13
0 1 2 3 5 6 10 14 15 19
0 1 2 3 5 7 10 11 13 14
0 1 2 3 5 7 10 11 14 18
0 1 2 3 5 7 10 11 14 19
0 1 2 3 5 7 10 11 15 19
0 1 2 3 5 7 10 14 15 19
0 1 2 3 5 7 11 14 15 19
0 1 2 3 5 8 12 13 17 18
0 1 2 3 5 9 10 14 15 19
0 1 2 3 5 9 13 14 18 19
0 1 2 3 5 10 13 14 17 18
0 1 2 3 5 11 13 14 17 18
0 1 2 3 5 12 13 14 18 19
0 1 2 3 5 12 13 17 18 19
0 1 2 3 5 13 14 15 17 18
0 1 2 3 5 13 14 16 18 19
0 1 2 3 5 13 16 17 18 19
0 1 2 3 5 14 15 17 18 19
0 1 2 4 6 10 11 13 14 18
0 1 2 4 6 10 11 14 18 19
0 1 2 4 6 10 13 14 15 18
0 1 2 4 6 11 13 14 15 18
0 1 2 4 6 12 13 14 16 18
0 1 2 5 7 6 10 14 15 19
0 1 2 5 7 8 12 13 17 18
0 1 2 5 7 9 10 14 15 19
0 1 2 5 7 9 13 14 18 19
0 1 2 5 7 10 13 14 17 18
0 1 2 5 7 11 13 14 17 18
0 1 2 5 7 12 13 14 18 19
0 1 2 5 7 12 13 17 18 19
0 1 2 5 7 13 14 15 17 18
0 1 2 5 7 13 14 16 18 19
0 1 2 5 7 13 16 17 18 19
0 1 2 5 7 14 15 17 18 19
0 1 2 5 8 3 6 7 10 11
0 1 2 5 8 6 7 9 10 14
0 1 2 5 8 6 7 9 10 15
0 1 2 5 8 7 9 10 11 14
0 1 2 5 8 7 9 10 11 15
0 1 2 5 8 9 12 13 17 18
0 1 2 5 8 9 13 14 17 18
0 1 2 5 8 9 13 16 17 18
0 1 2 5 8 10 13 14 15 19
0 1 2 5 8 10 13 14 18 19
0 1 2 5 8 11 13 14 15 19
0 1 2 5 8 11 13 14 18 19
0 1 2 5 9 3 6 7 10 11
0 1 2 5 9 10 13 14 15 19
0 1 2 5 9 10 13 14 18 19
0 1 2 5 9 11 13 14 15 19
0 1 2 5 9 11 13 14 18 19
0 1 2 6 7 8 12 13 17 18
0 1 2 6 7 9 10 14 15 19
0 1 2 6 7 9 13 14 18 19
0 1 2 6 7 10 13 14 17 18
0 1 2 6 7 11 13 14 17 18
0 1 2 6 7 12 13 14 18 19
0 1 2 6 7 12 13 17 18 19
0 1 2 6 7 13 14 15 17 18
0 1 2 6 7 13 14 16 18 19
0 1 2 6 7 13 16 17 18 19
0 1 2 6 7 14 15 17 18 19
0 1 4 8 9 2 3 7 10 11
0 1 4 8 9 6 7 10 14 15
0 1 4 8 9 10 11 13 14 18
0 1 4 8 9 10 11 14 18 19
0 1 4 8 9 10 13 14 15 18
0 1 4 8 9 11 13 14 15 18
0 1 4 8 9 12 13 14 16 18
0 1 5 6 7 8 12 13 17 18
0 1 5 6 7 9 10 14 15 19
0 1 5 6 7 9 13 14 18 19
0 1 5 6 7 10 13 14 17 18
0 1 5 6 7 11 13 14 17 18
0 1 5 6 7 12 13 14 18 19
0 1 5 6 7 12 13 17 18 19
0 1 5 6 7 13 14 15 17 18
0 1 5 6 7 13 14 16 18 19
0 1 5 6 7 13 16 17 18 19
0 1 5 6 7 14 15 17 18 19
0 1 5 6 8 7 9 10 11 14
0 1 5 6 8 7 9 10 11 15
0 1 5 6 8 9 12 13 17 18
0 1 5 6 8 9 13 14 17 18
0 1 5 6 8 9 13 16 17 18
0 1 5 6 8 10 13 14 15 19
0 1 5 6 8 10 13 14 18 19
0 1 5 6 8 11 13 14 15 19
0 1 5 6 8 11 13 14 18 19
0 1 5 6 10 7 11 14 15 19
0 1 5 6 10 8 12 13 17 18
0 1 5 6 10 9 13 14 18 19
0 1 5 6 10 11 13 14 17 18
0 1 5 6 10 12 13 14 18 19
0 1 5 6 10 12 13 17 18 19
0 1 5 6 10 13 14 15 17 18
0 1 5 6 10 13 14 16 18 19
0 1 5 6 10 13 16 17 18 19
0 1 5 6 10 14 15 17 18 19
0 1 5 8 9 2 3 7 10 11
0 1 5 8 9 6 7 10 14 15
0 1 5 8 9 10 11 13 14 18
0 1 5 8 9 10 11 14 18 19
0 1 5 8 9 10 13 14 15 18
0 1 5 8 9 11 13 14 15 18
0 1 5 8 9 12 13 14 16 18
0 2 4 5 6 10 11 13 14 18
0 2 4 5 6 10 11 14 18 19
0 2 4 5 6 10 13 14 15 18
0 2 4 5 6 11 13 14 15 18
0 2 4 5 6 12 13 14 16 18
0 2 4 5 8 1 6 7 9 10
0 2 4 5 8 3 6 7 10 11
0 2 4 5 8 6 7 9 10 14
0 2 4 5 8 6 7 9 10 15
0 2 4 5 8 7 9 10 11 14
0 2 4 5 8 7 9 10 11 15
0 2 4 5 8 9 12 13 17 18
0 2 4 5 8 9 13 14 17 18
0 2 4 5 8 9 13 16 17 18
0 2 4 5 8 10 13 14 15 19
0 2 4 5 8 10 13 14 18 19
0 2 4 5 8 11 13 14 15 19
0 2 4 5 8 11 13 14 18 19
0 2 4 5 9 3 6 7 10 11
0 2 4 5 9 10 13 14 15 19
0 2 4 5 9 10 13 14 18 19
0 2 4 5 9 11 13 14 15 19
0 2 4 5 9 11 13 14 18 19
0 2 5 6 7 8 12 13 17 18
0 2 5 6 7 9 10 14 15 19
0 2 5 6 7 9 13 14 18 19
0 2 5 6 7 10 13 14 17 18
0 2 5 6 7 11 13 14 17 18
0 2 5 6 7 12 13 14 18 19
0 2 5 6 7 12 13 17 18 19
0 2 5 6 7 13 14 15 17 18
0 2 5 6 7 13 14 16 18 19
0 2 5 6 7 13 16 17 18 19
0 2 5 6 7 14 15 17 18 19
0 2 5 6 9 10 13 14 15 19
0 2 5 6 9 10 13 14 18 19
0 2 5 6 9 11 13 14 15 19
0 2 5 6 9 11 13 14 18 19
0 4 5 6 8 7 9 10 11 14
0 4 5 6 8 7 9 10 11 15
0 4 5 6 8 9 12 13 17 18
0 4 5 6 8 9 13 14 17 18
0 4 5 6 8 9 13 16 17 18
0 4 5 6 8 10 13 14 15 19
0 4 5 6 8 10 13 14 18 19
0 4 5 6 8 11 13 14 15 19
0 4 5 6 8 11 13 14 18 19
0 4 5 8 12 1 2 6 7 11
0 4 5 8 12 1 6 7 10 11
0 4 5 8 12 2 3 6 7 9
0 4 5 8 12 2 6 7 10 14
0 4 5 8 12 2 6 7 10 15
0 4 5 8 12 2 7 10 11 14
0 4 5 8 12 2 7 10 11 15
0 4 5 8 12 3 6 7 9 10
0 4 5 8 12 3 7 10 11 14
0 4 5 8 12 3 7 10 11 15
0 4 5 8 12 6 7 9 10 13
0 4 5 8 12 6 10 14 15 19
0 4 5 8 12 7 10 11 13 14
0 4 5 8 12 7 10 11 14 18
0 4 5 8 12 7 10 11 14 19
0 4 5 8 12 7 10 11 15 19
0 4 5 8 12 7 10 14 15 19
0 4 5 8 12 7 11 14 15 19
0 4 5 8 12 9 10 14 15 19
0 4 5 8 12 9 13 14 18 19
0 4 5 8 12 10 13 14 17 18
0 4 5 8 12 11 13 14 17 18
0 4 5 8 12 13 14 15 17 18
0 4 5 8 12 13 14 16 18 19
0 4 5 8 12 13 16 17 18 19
0 4 5 8 12 14 15 17 18 19
0 4 5 9 10 1 2 6 7 11
0 4 5 9 10 7 11 14 15 19
0 4 5 9 10 8 12 13 17 18
0 4 5 9 10 11 13 14 17 18
0 4 5 9 10 12 13 14 18 19
0 4 5 9 10 12 13 17 18 19
0 4 5 9 10 13 14 15 17 18
0 4 5 9 10 13 14 16 18 19
0 4 5 9 10 13 16 17 18 19
0 4 5 9 10 14 15 17 18 19
0 4 5 9 13 1 2 6 7 11
0 4 5 9 13 1 6 7 10 11
0 4 5 9 13 2 6 7 10 14
0 4 5 9 13 2 6 7 10 15
0 4 5 9 13 2 7 10 11 14
0 4 5 9 13 2 7 10 11 15
0 4 5 9 13 3 7 10 11 14
0 4 5 9 13 3 7 10 11 15
0 4 5 9 13 6 10 14 15 19
0 4 5 9 13 7 10 11 14 18
0 4 5 9 13 7 10 11 14 19
0 4 5 9 13 7 10 11 15 19
0 4 5 9 13 7 10 14 15 19
0 4 5 9 13 7 11 14 15 19
0 4 5 9 13 14 15 17 18 19
0 5 6 8 9 10 13 14 15 19
0 5 6 8 9 10 13 14 18 19
0 5 6 8 9 11 13 14 15 19
0 5 6 8 9 11 13 14 18 19
0 5 6 9 10 7 11 14 15 19
0 5 6 9 10 8 12 13 17 18
0 5 6 9 10 11 13 14 17 18
0 5 6 9 10 12 13 14 18 19
0 5 6 9 10 12 13 17 18 19
0 5 6 9 10 13 14 15 17 18
0 5 6 9 10 13 14 16 18 19
0 5 6 9 10 13 16 17 18 19
0 5 6 9 10 14 15 17 18 19
1 2 3 4 5 6 7 8 9 10
1 2 3 4 5 6 7 9 10 13
1 2 3 4 5 6 10 14 15 19
1 2 3 4 5 7 10 11 13 14
1 2 3 4 5 7 10 11 14 18
1 2 3 4 5 7 10 11 14 19
1 2 3 4 5 7 10 11 15 19
1 2 3 4 5 7 10 14 15 19
1 2 3 4 5 7 11 14 15 19
1 2 3 4 5 8 12 13 17 18
1 2 3 4 5 9 10 14 15 19
1 2 3 4 5 9 13 14 18 19
1 2 3 4 5 10 13 14 17 18
1 2 3 4 5 11 13 14 17 18
1 2 3 4 5 12 13 14 18 19
1 2 3 4 5 12 13 17 18 19
1 2 3 4 5 13 14 15 17 18
1 2 3 4 5 13 14 16 18 19
1 2 3 4 5 13 16 17 18 19
1 2 3 4 5 14 15 17 18 19
1 2 3 5 7 4 6 8 9 10
1 2 3 5 7 6 9 10 11 14
1 2 3 5 7 6 9 10 11 15
1 2 3 5 7 6 9 10 14 15
1 2 3 5 7 10 11 13 14 18
1 2 3 5 7 10 11 14 18 19
1 2 3 5 7 10 13 14 15 18
1 2 3 5 7 11 13 14 15 18
1 2 3 5 7 12 13 14 16 18
1 2 4 5 7 6 10 14 15 19
1 2 4 5 7 8 12 13 17 18
1 2 4 5 7 9 10 14 15 19
1 2 4 5 7 9 13 14 18 19
1 2 4 5 7 10 13 14 17 18
1 2 4 5 7 11 13 14 17 18
1 2 4 5 7 12 13 14 18 19
1 2 4 5 7 12 13 17 18 19
1 2 4 5 7 13 14 15 17 18
1 2 4 5 7 13 14 16 18 19
1 2 4 5 7 13 16 17 18 19
1 2 4 5 7 14 15 17 18 19
1 2 4 6 7 8 12 13 17 18
1 2 4 6 7 9 10 14 15 19
1 2 4 6 7 9 13 14 18 19
1 2 4 6 7 10 13 14 17 18
1 2 4 6 7 11 13 14 17 18
1 2 4 6 7 12 13 14 18 19
1 2 4 6 7 12 13 17 18 19
1 2 4 6 7 13 14 15 17 18
1 2 4 6 7 13 14 16 18 19
1 2 4 6 7 13 16 17 18 19
1 2 4 6 7 14 15 17 18 19
1 2 5 8 9 6 7 10 14 15
1 2 5 8 9 10 11 13 14 18
1 2 5 8 9 10 11 14 18 19
1 2 5 8 9 10 13 14 15 18
1 2 5 8 9 11 13 14 15 18
1 2 5 8 9 12 13 14 16 18
1 2 6 7 9 10 13 14 15 19
1 2 6 7 9 10 13 14 18 19
1 2 6 7 9 11 13 14 15 19
1 2 6 7 9 11 13 14 18 19
1 2 6 7 11 8 12 13 17 18
1 2 6 7 11 9 10 14 15 19
1 2 6 7 11 9 13 14 18 19
1 2 6 7 11 10 13 14 17 18
1 2 6 7 11 12 13 14 18 19
1 2 6 7 11 12 13 17 18 19
1 2 6 7 11 13 14 15 17 18
1 2 6 7 11 13 14 16 18 19
1 2 6 7 11 13 16 17 18 19
1 2 6 7 11 14 15 17 18 19
1 2 6 9 10 11 13 14 15 18
1 2 6 9 10 12 13 14 16 18
1 4 5 6 7 8 12 13 17 18
1 4 5 6 7 9 10 14 15 19
1 4 5 6 7 9 13 14 18 19
1 4 5 6 7 10 13 14 17 18
1 4 5 6 7 11 13 14 17 18
1 4 5 6 7 12 13 14 18 19
1 4 5 6 7 12 13 17 18 19
1 4 5 6 7 13 14 15 17 18
1 4 5 6 7 13 14 16 18 19
1 4 5 6 7 13 16 17 18 19
1 4 5 6 7 14 15 17 18 19
1 4 5 6 10 7 11 14 15 19
1 4 5 6 10 8 12 13 17 18
1 4 5 6 10 9 13 14 18 19
1 4 5 6 10 11 13 14 17 18
1 4 5 6 10 12 13 14 18 19
1 4 5 6 10 12 13 17 18 19
1 4 5 6 10 13 14 15 17 18
1 4 5 6 10 13 14 16 18 19
1 4 5 6 10 13 16 17 18 19
1 4 5 6 10 14 15 17 18 19
1 4 5 8 12 2 3 6 7 9
1 4 5 8 12 2 6 7 10 14
1 4 5 8 12 2 6 7 10 15
1 4 5 8 12 2 7 10 11 14
1 4 5 8 12 2 7 10 11 15
1 4 5 8 12 3 6 7 9 10
1 4 5 8 12 3 7 10 11 14
1 4 5 8 12 3 7 10 11 15
1 4 5 8 12 6 7 9 10 13
1 4 5 8 12 6 10 14 15 19
1 4 5 8 12 7 10 11 13 14
1 4 5 8 12 7 10 11 14 18
1 4 5 8 12 7 10 11 14 19
1 4 5 8 12 7 10 11 15 19
1 4 5 8 12 7 10 14 15 19
1 4 5 8 12 7 11 14 15 19
1 4 5 8 12 9 10 14 15 19
1 4 5 8 12 9 13 14 18 19
1 4 5 8 12 10 13 14 17 18
1 4 5 8 12 11 13 14 17 18
1 4 5 8 12 13 14 15 17 18
1 4 5 8 12 13 14 16 18 19
1 4 5 8 12 13 16 17 18 19
1 4 5 8 12 14 15 17 18 19
1 4 5 9 10 7 11 14 15 19
1 4 5 9 10 8 12 13 17 18
1 4 5 9 10 11 13 14 17 18
1 4 5 9 10 12 13 14 18 19
1 4 5 9 10 12 13 17 18 19
1 4 5 9 10 13 14 15 17 18
1 4 5 9 10 13 14 16 18 19
1 4 5 9 10 13 16 17 18 19
1 4 5 9 10 14 15 17 18 19
1 4 5 9 13 2 6 7 10 14
1 4 5 9 13 2 6 7 10 15
1 4 5 9 13 2 7 10 11 14
1 4 5 9 13 2 7 10 11 15
1 4 5 9 13 3 7 10 11 14
1 4 5 9 13 3 7 10 11 15
1 4 5 9 13 6 10 14 15 19
1 4 5 9 13 7 10 11 14 18
1 4 5 9 13 7 10 11 14 19
1 4 5 9 13 7 10 11 15 19
1 4 5 9 13 7 10 14 15 19
1 4 5 9 13 7 11 14 15 19
1 4 5 9 13 14 15 17 18 19
1 5 6 7 9 10 13 14 15 19
1 5 6 7 9 10 13 14 18 19
1 5 6 7 9 11 13 14 15 19
1 5 6 7 9 11 13 14 18 19
1 5 6 7 10 11 13 14 15 18
1 5 6 7 10 12 13 14 16 18
1 5 6 9 13 2 7 10 11 14
1 5 6 9 13 2 7 10 11 15
1 5 6 9 13 3 7 10 11 14
1 5 6 9 13 3 7 10 11 15
1 5 6 9 13 7 10 11 14 18
1 5 6 9 13 7 10 11 14 19
1 5 6 9 13 7 10 11 15 19
1 5 6 9 13 7 10 14 15 19
1 5 6 9 13 7 11 14 15 19
1 5 6 9 13 14 15 17 18 19
1 6 7 9 10 11 13 14 15 19
1 6 7 9 10 11 13 14 18 19
1 6 7 10 11 8 12 13 17 18
1 6 7 10 11 9 13 14 18 19
1 6 7 10 11 12 13 14 18 19
1 6 7 10 11 12 13 17 18 19
1 6 7 10 11 13 14 15 17 18
1 6 7 10 11 13 14 16 18 19
1 6 7 10 11 13 16 17 18 19
1 6 7 10 11 14 15 17 18 19
2 3 5 6 9 7 10 11 13 14
2 3 5 6 9 7 10 11 14 18
2 3 5 6 9 7 10 11 14 19
2 3 5 6 9 7 10 11 15 19
2 3 5 6 9 7 10 14 15 19
2 3 5 6 9 7 11 14 15 19
2 3 5 6 9 8 12 13 17 18
2 3 5 6 9 10 13 14 17 18
2 3 5 6 9 11 13 14 17 18
2 3 5 6 9 12 13 14 18 19
2 3 5 6 9 12 13 17 18 19
2 3 5 6 9 13 14 15 17 18
2 3 5 6 9 13 14 16 18 19
2 3 5 6 9 13 16 17 18 19
2 3 5 6 9 14 15 17 18 19
2 3 6 7 9 8 12 13 17 18
2 3 6 7 9 10 13 14 17 18
2 3 6 7 9 11 13 14 17 18
2 3 6 7 9 12 13 14 18 19
2 3 6 7 9 12 13 17 18 19
2 3 6 7 9 13 14 15 17 18
2 3 6 7 9 13 14 16 18 19
2 3 6 7 9 13 16 17 18 19
2 3 6 7 9 14 15 17 18 19
2 3 6 7 11 9 12 13 17 18
2 3 6 7 11 9 13 14 17 18
2 3 6 7 11 9 13 16 17 18
2 3 6 7 11 10 13 14 15 19
2 3 6 7 11 10 13 14 18 19
2 3 7 10 11 12 13 14 16 18
2 4 5 6 7 8 12 13 17 18
2 4 5 6 7 9 10 14 15 19
2 4 5 6 7 9 13 14 18 19
2 4 5 6 7 10 13 14 17 18
2 4 5 6 7 11 13 14 17 18
2 4 5 6 7 12 13 14 18 19
2 4 5 6 7 12 13 17 18 19
2 4 5 6 7 13 14 15 17 18
2 4 5 6 7 13 14 16 18 19
2 4 5 6 7 13 16 17 18 19
2 4 5 6 7 14 15 17 18 19
2 4 5 6 8 10 11 13 14 18
2 4 5 6 8 10 11 14 18 19
2 4 5 6 8 10 13 14 15 18
2 4 5 6 8 11 13 14 15 18
2 4 5 6 8 12 13 14 16 18
2 5 6 7 8 9 10 14 15 19
2 5 6 7 8 9 13 14 18 19
2 5 6 7 8 10 13 14 17 18
2 5 6 7 8 11 13 14 17 18
2 5 6 7 8 12 13 14 18 19
2 5 6 7 8 12 13 17 18 19
2 5 6 7 8 13 14 15 17 18
2 5 6 7 8 13 14 16 18 19
2 5 6 7 8 13 16 17 18 19
2 5 6 7 8 14 15 17 18 19
2 5 6 7 11 8 12 13 17 18
2 5 6 7 11 9 10 14 15 19
2 5 6 7 11 9 13 14 18 19
2 5 6 7 11 10 13 14 17 18
2 5 6 7 11 12 13 14 18 19
2 5 6 7 11 12 13 17 18 19
2 5 6 7 11 13 14 15 17 18
2 5 6 7 11 13 14 16 18 19
2 5 6 7 11 13 16 17 18 19
2 5 6 7 11 14 15 17 18 19
2 5 6 9 13 3 7 10 11 14
2 5 6 9 13 3 7 10 11 15
2 5 6 9 13 7 10 11 14 18
2 5 6 9 13 7 10 11 14 19
2 5 6 9 13 7 10 11 15 19
2 5 6 9 13 7 10 14 15 19
2 5 6 9 13 7 11 14 15 19
2 5 6 9 13 14 15 17 18 19
2 6 7 10 14 8 12 13 17 18
2 6 7 10 14 12 13 17 18 19
2 6 7 10 14 13 16 17 18 19
2 6 7 10 15 8 12 13 17 18
2 6 7 10 15 9 13 14 18 19
2 6 7 10 15 11 13 14 17 18
2 6 7 10 15 12 13 14 18 19
2 6 7 10 15 12 13 17 18 19
2 6 7 10 15 13 14 16 18 19
2 6 7 10 15 13 16 17 18 19
2 7 10 11 14 5 6 8 9 12
2 7 10 11 14 8 12 13 17 18
2 7 10 11 14 12 13 17 18 19
2 7 10 11 14 13 16 17 18 19
2 7 10 11 15 5 6 8 9 12
2 7 10 11 15 8 12 13 17 18
2 7 10 11 15 9 13 14 18 19
2 7 10 11 15 12 13 14 18 19
2 7 10 11 15 12 13 17 18 19
2 7 10 11 15 13 14 16 18 19
2 7 10 11 15 13 16 17 18 19
3 6 7 9 10 8 12 13 17 18
3 6 7 9 10 11 13 14 17 18
3 6 7 9 10 12 13 14 18 19
3 6 7 9 10 12 13 17 18 19
3 6 7 9 10 13 14 15 17 18
3 6 7 9 10 13 14 16 18 19
3 6 7 9 10 13 16 17 18 19
3 6 7 9 10 14 15 17 18 19
3 6 7 10 11 9 12 13 17 18
3 6 7 10 11 9 13 14 17 18
3 6 7 10 11 9 13 16 17 18
3 7 10 11 14 5 6 8 9 12
3 7 10 11 14 8 12 13 17 18
3 7 10 11 14 12 13 17 18 19
3 7 10 11 14 13 16 17 18 19
3 7 10 11 15 5 6 8 9 12
3 7 10 11 15 8 12 13 17 18
3 7 10 11 15 9 13 14 18 19
3 7 10 11 15 12 13 14 18 19
3 7 10 11 15 12 13 17 18 19
3 7 10 11 15 13 14 16 18 19
3 7 10 11 15 13 16 17 18 19
4 5 6 7 9 8 12 13 17 18
4 5 6 7 9 10 13 14 17 18
4 5 6 7 9 11 13 14 17 18
4 5 6 7 9 12 13 14 18 19
4 5 6 7 9 12 13 17 18 19
4 5 6 7 9 13 14 15 17 18
4 5 6 7 9 13 14 16 18 19
4 5 6 7 9 13 16 17 18 19
4 5 6 7 9 14 15 17 18 19
4 6 7 9 10 8 12 13 17 18
4 6 7 9 10 11 13 14 17 18
4 6 7 9 10 12 13 14 18 19
4 6 7 9 10 12 13 17 18 19
4 6 7 9 10 13 14 15 17 18
4 6 7 9 10 13 14 16 18 19
4 6 7 9 10 13 16 17 18 19
4 6 7 9 10 14 15 17 18 19
4 6 8 9 10 11 13 14 15 18
4 6 8 9 10 12 13 14 16 18
5 6 7 8 9 10 13 14 17 18
5 6 7 8 9 11 13 14 17 18
5 6 7 8 9 12 13 14 18 19
5 6 7 8 9 12 13 17 18 19
5 6 7 8 9 13 14 15 17 18
5 6 7 8 9 13 14 16 18 19
5 6 7 8 9 13 16 17 18 19
5 6 7 8 9 14 15 17 18 19
5 6 7 10 11 8 12 13 17 18
5 6 7 10 11 9 13 14 18 19
5 6 7 10 11 12 13 14 18 19
5 6 7 10 11 12 13 17 18 19
5 6 7 10 11 13 14 15 17 18
5 6 7 10 11 13 14 16 18 19
5 6 7 10 11 13 16 17 18 19
5 6 7 10 11 14 15 17 18 19
5 6 8 9 12 7 10 11 13 14
5 6 8 9 12 7 10 11 14 18
5 6 8 9 12 7 10 11 14 19
5 6 8 9 12 7 10 11 15 19
5 6 8 9 12 7 10 14 15 19
5 6 8 9 12 7 11 14 15 19
5 6 8 9 12 10 13 14 17 18
5 6 8 9 12 11 13 14 17 18
5 6 8 9 12 13 14 15 17 18
5 6 8 9 12 13 14 16 18 19
5 6 8 9 12 13 16 17 18 19
5 6 8 9 12 14 15 17 18 19
5 6 9 10 11 8 12 13 17 18
5 6 9 10 11 12 13 14 18 19
5 6 9 10 11 12 13 17 18 19
5 6 9 10 11 13 14 15 17 18
5 6 9 10 11 13 14 16 18 19
5 6 9 10 11 13 16 17 18 19
5 6 9 10 11 14 15 17 18 19
5 6 9 10 14 8 12 13 17 18
5 6 9 10 14 12 13 17 18 19
5 6 9 10 14 13 16 17 18 19
5 6 9 10 15 8 12 13 17 18
5 6 9 10 15 11 13 14 17 18
5 6 9 10 15 12 13 14 18 19
5 6 9 10 15 12 13 17 18 19
5 6 9 10 15 13 14 16 18 19
5 6 9 10 15 13 16 17 18 19
6 7 8 9 10 11 13 14 17 18
6 7 8 9 10 12 13 14 18 19
6 7 8 9 10 12 13 17 18 19
6 7 8 9 10 13 14 15 17 18
6 7 8 9 10 13 14 16 18 19
6 7 8 9 10 13 16 17 18 19
6 7 8 9 10 14 15 17 18 19
6 7 9 10 13 14 15 17 18 19
6 7 9 10 15 11 13 14 18 19
6 9 10 11 15 12 13 14 16 18
6 10 14 15 19 8 12 13 17 18
7 10 11 14 19 8 12 13 17 18
7 10 11 15 19 8 12 13 17 18
7 10 14 15 19 8 12 13 17 18
7 11 14 15 19 8 12 13 17 18
8 12 13 17 18 9 10 14 15 19
