0 1 2 5 6 7 11 12 16 17
0 1 2 5 6 11 12 16 17 18
0 1 2 5 6 11 12 16 17 21
0 1 2 5 6 11 12 16 17 22
0 1 2 5 6 11 16 17 21 22
0 1 2 5 6 12 16 17 21 22
0 1 2 5 6 12 17 18 22 23
0 1 2 5 6 16 17 18 21 22
0 1 2 5 6 16 17 18 22 23
0 1 2 5 6 16 17 21 22 23
0 1 2 5 6 17 18 21 22 23
0 1 2 5 6 17 18 22 23 24
0 1 2 6 7 11 12 16 17 18
0 1 2 6 7 11 12 16 17 21
0 1 2 6 7 11 12 16 17 22
0 1 2 6 7 11 16 17 21 22
0 1 2 6 7 12 16 17 21 22
0 1 2 6 7 12 17 18 22 23
0 1 2 6 7 16 17 18 21 22
0 1 2 6 7 16 17 18 22 23
0 1 2 6 7 16 17 21 22 23
0 1 2 6 7 17 18 21 22 23
0 1 2 6 7 17 18 22 23 24
0 1 5 6 7 11 12 16 17 18
0 1 5 6 7 11 12 16 17 21
0 1 5 6 7 11 12 16 17 22
0 1 5 6 7 11 16 17 21 22
0 1 5 6 7 12 16 17 21 22
0 1 5 6 7 12 17 18 22 23
0 1 5 6 7 16 17 18 21 22
0 1 5 6 7 16 17 18 22 23
0 1 5 6 7 16 17 21 22 23
0 1 5 6 7 17 18 21 22 23
0 1 5 6 7 17 18 22 23 24
0 1 5 6 10 2 3 4 7 8
0 1 5 6 10 7 11 12 16 17
0 1 5 6 10 11 12 16 17 18
0 1 5 6 10 11 12 16 17 21
0 1 5 6 10 11 12 16 17 22
0 1 5 6 10 11 16 17 21 22
0 1 5 6 10 12 16 17 21 22
0 1 5 6 10 12 17 18 22 23
0 1 5 6 10 16 17 18 21 22
0 1 5 6 10 16 17 18 22 23
0 1 5 6 10 16 17 21 22 23
0 1 5 6 10 17 18 21 22 23
0 1 5 6 10 17 18 22 23 24
0 1 5 6 11 2 3 4 7 8
0 1 5 6 11 12 16 17 21 22
0 1 5 6 11 12 17 18 22 23
0 1 5 6 11 16 17 18 21 22
0 1 5 6 11 16 17 18 22 23
0 1 5 6 11 16 17 21 22 23
0 1 5 6 11 17 18 21 22 23
0 1 5 6 11 17 18 22 23 24
0 5 6 10 11 1 2 3 7 8
0 5 6 10 11 2 3 4 7 8
0 5 6 10 11 12 16 17 21 22
0 5 6 10 11 12 17 18 22 23
0 5 6 10 11 16 17 18 21 22
0 5 6 10 11 16 17 18 22 23
0 5 6 10 11 16 17 21 22 23
0 5 6 10 11 17 18 21 22 23
0 5 6 10 11 17 18 22 23 24
1 2 3 6 7 11 12 16 17 18
1 2 3 6 7 11 12 16 17 21
1 2 3 6 7 11 12 16 17 22
1 2 3 6 7 11 16 17 21 22
1 2 3 6 7 12 16 17 21 22
1 2 3 6 7 12 17 18 22 23
1 2 3 6 7 16 17 18 21 22
1 2 3 6 7 16 17 18 22 23
1 2 3 6 7 16 17 21 22 23
1 2 3 6 7 17 18 21 22 23
1 2 3 6 7 17 18 22 23 24
1 2 3 7 8 5 6 10 11 12
1 2 3 7 8 6 11 12 16 17
1 2 3 7 8 11 12 16 17 18
1 2 3 7 8 11 12 16 17 21
1 2 3 7 8 11 12 16 17 22
1 2 3 7 8 11 16 17 21 22
1 2 3 7 8 12 16 17 21 22
1 2 3 7 8 12 17 18 22 23
1 2 3 7 8 16 17 18 21 22
1 2 3 7 8 16 17 18 22 23
1 2 3 7 8 16 17 21 22 23
1 2 3 7 8 17 18 21 22 23
1 2 3 7 8 17 18 22 23 24
1 2 5 6 7 11 12 16 17 18
1 2 5 6 7 11 12 16 17 21
1 2 5 6 7 11 12 16 17 22
1 2 5 6 7 11 16 17 21 22
1 2 5 6 7 12 16 17 21 22
1 2 5 6 7 12 17 18 22 23
1 2 5 6 7 16 17 18 21 22
1 2 5 6 7 16 17 18 22 23
1 2 5 6 7 16 17 21 22 23
1 2 5 6 7 17 18 21 22 23
1 2 5 6 7 17 18 22 23 24
1 2 6 7 8 11 12 16 17 18
1 2 6 7 8 11 12 16 17 21
1 2 6 7 8 11 12 16 17 22
1 2 6 7 8 11 16 17 21 22
1 2 6 7 8 12 16 17 21 22
1 2 6 7 8 12 17 18 22 23
1 2 6 7 8 16 17 18 21 22
1 2 6 7 8 16 17 18 22 23
1 2 6 7 8 16 17 21 22 23
1 2 6 7 8 17 18 21 22 23
1 2 6 7 8 17 18 22 23 24
1 2 6 7 11 12 16 17 21 22
1 2 6 7 11 12 17 18 22 23
1 2 6 7 11 16 17 18 21 22
1 2 6 7 11 16 17 18 22 23
1 2 6 7 11 16 17 21 22 23
1 2 6 7 11 17 18 21 22 23
1 2 6 7 11 17 18 22 23 24
1 2 6 7 12 11 16 17 21 22
1 2 6 7 12 16 17 18 21 22
1 2 6 7 12 16 17 18 22 23
1 2 6 7 12 16 17 21 22 23
1 2 6 7 12 17 18 21 22 23
1 2 6 7 12 17 18 22 23 24
1 5 6 7 11 12 16 17 18 22
1 5 6 10 11 2 3 4 7 8
1 5 6 10 11 12 16 17 21 22
1 5 6 10 11 12 17 18 22 23
1 5 6 10 11 16 17 18 21 22
1 5 6 10 11 16 17 18 22 23
1 5 6 10 11 16 17 21 22 23
1 5 6 10 11 17 18 21 22 23
1 5 6 10 11 17 18 22 23 24
1 6 7 11 12 16 17 18 21 22
1 6 7 11 12 16 17 18 22 23
1 6 7 11 12 16 17 21 22 23
1 6 7 11 12 17 18 21 22 23
1 6 7 11 12 17 18 22 23 24
2 3 4 7 8 5 6 10 11 12
2 3 4 7 8 6 11 12 16 17
2 3 4 7 8 11 12 16 17 18
2 3 4 7 8 11 12 16 17 21
2 3 4 7 8 11 12 16 17 22
2 3 4 7 8 11 16 17 21 22
2 3 4 7 8 12 16 17 21 22
2 3 4 7 8 12 17 18 22 23
2 3 4 7 8 16 17 18 21 22
2 3 4 7 8 16 17 18 22 23
2 3 4 7 8 16 17 21 22 23
2 3 4 7 8 17 18 21 22 23
2 3 4 7 8 17 18 22 23 24
2 3 6 7 8 11 12 16 17 18
2 3 6 7 8 11 12 16 17 21
2 3 6 7 8 11 12 16 17 22
2 3 6 7 8 11 16 17 21 22
2 3 6 7 8 12 16 17 21 22
2 3 6 7 8 12 17 18 22 23
2 3 6 7 8 16 17 18 21 22
2 3 6 7 8 16 17 18 22 23
2 3 6 7 8 16 17 21 22 23
2 3 6 7 8 17 18 21 22 23
2 3 6 7 8 17 18 22 23 24
2 6 7 11 12 16 17 18 21 22
2 6 7 11 12 16 17 18 22 23
2 6 7 11 12 16 17 21 22 23
2 6 7 11 12 17 18 21 22 23
2 6 7 11 12 17 18 22 23 24
5 6 7 10 11 12 16 17 21 22
5 6 7 10 11 12 17 18 22 23
5 6 7 10 11 16 17 18 21 22
5 6 7 10 11 16 17 18 22 23
5 6 7 10 11 16 17 21 22 23
5 6 7 10 11 17 18 21 22 23
5 6 7 10 11 17 18 22 23 24
5 6 7 11 12 16 17 18 21 22
5 6 7 11 12 16 17 18 22 23
5 6 7 11 12 16 17 21 22 23
5 6 7 11 12 17 18 21 22 23
5 6 7 11 12 17 18 22 23 24
5 6 10 11 12 16 17 18 21 22
5 6 10 11 12 16 17 18 22 23
5 6 10 11 12 16 17 21 22 23
5 6 10 11 12 17 18 21 22 23
5 6 10 11 12 17 18 22 23 24
6 7 10 11 12 16 17 18 21 22
6 7 10 11 12 16 17 18 22 23
6 7 10 11 12 16 17 21 22 23
6 7 10 11 12 17 18 21 22 23
6 7 10 11 12 17 18 22 23 24
6 7 11 12 16 17 18 21 22 23
6 7 11 12 16 17 18 22 23 24
