1 2 3 7 8 9 13 14 19 20 21 26
1 2 3 7 8 9 13 14 19 20 21 27
1 2 3 7 8 9 14 15 20 21 22 26
1 2 3 7 8 9 14 15 20 21 22 27
1 2 3 7 8 9 14 15 20 21 22 28
1 2 3 7 8 9 14 15 20 21 27 28
1 2 3 7 8 9 14 15 21 22 27 28
1 2 3 7 8 9 14 20 21 22 27 28
1 2 3 7 8 9 15 16 21 22 28 29
1 2 3 7 8 9 15 20 21 22 27 28
1 2 3 7 8 9 15 21 22 23 28 29
1 2 3 7 8 9 15 21 22 26 27 28
1 2 7 8 9 13 14 15 16 21 22 28
1 2 7 8 9 13 15 21 22 27 28 29
1 2 7 8 9 14 13 18 19 20 24 25
1 2 7 8 9 14 15 16 21 22 27 28
1 2 7 8 9 14 20 21 22 27 28 29
1 2 7 8 9 14 21 22 23 27 28 29
1 2 7 8 9 14 21 22 26 27 28 29
1 2 7 8 9 15 12 13 14 19 20 21
1 2 7 8 9 15 13 14 18 19 20 21
1 2 7 8 9 15 13 14 18 19 20 25
1 2 7 8 9 15 13 14 20 21 27 28
1 2 7 8 9 15 13 18 19 20 24 25
1 2 7 8 9 15 20 21 22 27 28 29
1 2 7 8 9 15 21 22 23 27 28 29
1 2 7 8 9 15 21 22 26 27 28 29
1 2 7 8 13 14 15 16 21 22 27 28
1 2 7 8 13 14 20 21 22 27 28 29
1 2 7 8 13 14 21 22 23 27 28 29
1 2 7 8 13 14 21 22 26 27 28 29
1 2 8 9 14 15 12 13 18 19 20 21
1 2 8 9 14 15 12 13 18 19 20 26
1 2 8 9 14 15 12 13 18 19 20 27
1 2 8 9 14 15 12 13 18 19 25 26
1 2 8 9 14 15 20 21 26 27 28 29
2 3 7 8 9 13 14 15 16 20 21 22
2 3 7 8 9 13 14 15 21 22 28 29
2 3 7 8 9 13 15 16 21 22 27 28
2 3 7 8 9 13 20 21 22 27 28 29
2 3 7 8 9 13 21 22 23 27 28 29
2 3 7 8 9 13 21 22 26 27 28 29
2 3 7 8 9 14 15 21 22 27 28 29
2 3 8 9 13 14 15 16 21 22 27 28
2 3 8 9 13 14 20 21 22 27 28 29
2 3 8 9 13 14 21 22 23 27 28 29
2 3 8 9 13 14 21 22 26 27 28 29
2 7 8 9 13 15 14 20 21 22 27 28
2 7 8 13 14 20 15 16 21 22 27 28
2 7 8 13 14 20 21 22 23 27 28 29
2 7 8 13 14 20 21 22 26 27 28 29
2 8 9 10 14 15 7 12 13 18 19 20
2 8 9 13 14 20 15 16 21 22 27 28
2 8 9 13 14 20 21 22 23 27 28 29
2 8 9 13 14 20 21 22 26 27 28 29
2 8 9 14 15 16 6 12 13 18 19 20
2 8 9 14 15 16 6 12 13 18 19 25
2 8 9 14 15 16 7 12 13 18 19 25
2 8 9 14 15 16 12 13 18 19 20 24
2 8 9 14 15 16 13 20 21 26 27 28
2 8 9 14 15 16 19 20 21 26 27 28
2 8 9 14 15 16 20 21 25 26 27 28
2 8 9 14 15 20 6 12 13 18 19 25
2 8 9 14 15 20 7 12 13 18 19 25
2 8 9 14 15 22 6 12 13 18 19 20
2 8 9 14 15 22 6 12 13 18 19 25
2 8 9 14 15 22 7 12 13 18 19 25
2 8 9 14 15 22 12 13 18 19 20 24
2 8 9 14 15 22 13 20 21 26 27 28
2 8 9 14 15 22 19 20 21 26 27 28
2 8 9 14 15 22 20 21 25 26 27 28
3 8 9 13 14 15 19 20 21 26 27 28
3 8 9 13 14 15 20 21 25 26 27 28
3 8 9 14 15 21 6 12 13 18 19 20
3 8 9 14 15 21 6 12 13 18 19 25
3 8 9 14 15 21 7 12 13 18 19 25
3 8 9 14 15 21 12 13 18 19 20 24
4 5 10 11 16 17 6 7 12 13 18 19
4 5 10 11 16 17 19 20 21 25 26 27
6 7 12 13 18 19 8 9 10 14 15 16
6 7 12 13 18 19 9 10 11 15 16 17
6 7 12 13 18 19 10 11 16 17 22 23
6 12 13 18 19 20 7 8 9 14 15 21
6 12 13 18 19 20 8 9 10 14 15 21
6 12 13 18 19 25 7 8 9 14 15 21
6 12 13 18 19 25 8 9 10 14 15 21
7 8 9 13 14 20 15 21 22 27 28 29
7 8 9 14 15 21 12 13 18 19 20 24
7 8 12 13 18 19 10 11 15 16 17 22
7 8 12 13 18 19 15 20 21 22 26 27
7 8 13 14 19 20 15 16 21 22 28 29
7 8 13 14 19 20 15 21 22 23 28 29
7 8 13 14 19 20 15 21 22 26 27 28
7 12 13 18 19 20 8 9 14 15 16 21
7 12 13 18 19 25 8 9 10 14 15 21
8 9 10 13 14 15 19 20 21 26 27 28
8 9 10 13 14 15 20 21 25 26 27 28
8 9 10 14 15 16 19 20 21 25 26 27
8 9 10 14 15 21 12 13 18 19 20 24
8 9 12 13 14 15 20 21 26 27 28 29
8 9 13 14 15 16 19 20 21 26 27 28
8 9 13 14 15 16 20 21 25 26 27 28
8 9 13 14 15 18 20 21 26 27 28 29
8 9 13 14 15 19 20 21 26 27 28 29
8 9 13 14 15 22 19 20 21 26 27 28
8 9 13 14 15 22 20 21 25 26 27 28
8 9 13 14 19 20 15 16 21 22 27 28
8 9 13 14 19 20 21 22 23 27 28 29
8 9 13 14 19 20 21 22 26 27 28 29
8 9 14 15 16 22 13 19 20 21 26 27
8 9 14 15 21 26 12 13 18 19 20 27
8 9 14 15 21 27 12 13 18 19 20 26
8 9 14 15 21 27 12 13 18 19 25 26
8 9 14 15 21 28 12 13 18 19 20 26
8 9 14 15 21 28 12 13 18 19 20 27
8 9 14 15 21 28 12 13 18 19 25 26
8 12 13 14 18 19 10 11 15 16 17 22
8 12 13 14 18 19 15 20 21 22 26 27
8 12 13 14 19 20 15 16 21 22 28 29
8 12 13 14 19 20 15 21 22 23 28 29
8 12 13 14 19 20 15 21 22 26 27 28
8 13 14 15 19 20 21 22 23 27 28 29
8 13 14 15 19 20 21 22 26 27 28 29
8 13 14 18 19 20 15 16 21 22 28 29
8 13 14 18 19 20 15 21 22 23 28 29
8 13 14 18 19 20 15 21 22 26 27 28
8 14 15 21 22 28 13 18 19 20 24 25
9 10 11 15 16 17 19 20 21 25 26 27
9 14 15 21 22 28 13 18 19 20 24 25
10 11 15 16 17 22 13 19 20 21 26 27
10 11 16 17 22 23 19 20 21 25 26 27
13 14 18 19 20 25 15 16 21 22 27 28
13 14 18 19 20 25 21 22 23 27 28 29
13 14 18 19 20 25 21 22 26 27 28 29
13 18 19 20 24 25 14 15 21 22 28 29
13 18 19 20 24 25 15 16 21 22 27 28
13 18 19 20 24 25 21 22 23 27 28 29
13 18 19 20 24 25 21 22 26 27 28 29
